04:37:21 **** Build of configuration Debug for project Machine_Learning_Neural_Network_Profiler ****
"C:\\Users\\evilg\\ModusToolbox\\tools_3.5\\modus-shell\\bin\\make" CY_MAKE_IDE=eclipse CY_IDE_TOOLS_DIR=C:/Users/evilg/ModusToolbox/tools_3.5 CY_IDE_BT_TOOLS_DIR= -j12 build_proj 
Tools Directory: C:/Users/evilg/ModusToolbox/tools_3.5
Searching installed tools in progress...
Searching installed tools complete
INFO: Multiple tools versions were found in "/cygdrive/c/Users/evilg/ModusToolbox/tools_3.4 /cygdrive/c/Users/evilg/ModusToolbox/tools_3.5 C:/Users/evilg/ModusToolbox/tools_3.4 C:/Users/evilg/ModusToolbox/tools_3.5". This build is currently using "C:/Users/evilg/ModusToolbox/tools_3.5". Check that this is the correct version that should be used in this build. To stop seeing this message, set the CY_TOOLS_PATHS environment variable to the location of the tools directory. This can be done either as an environment variable or set in the application Makefile.
NOTE: Using 'C:/Users/evilg/ModusToolbox/tools_3.5/ninja/ninja.exe' from PATH.
Generating mtbninja data files...
Generating mtbninja data complete...
Toolchain validation: PASS
Initializing build: mtb-example-ml-profiler Debug APP_CY8CKIT-062-BLE GCC_ARM

Prebuild operations complete
# 0: Loading the application in directory 'W:/MTB/Machine_Learning_Neural_Network_Profiler'
# 0: Loading the ModusToolbox Technology Packs and Early Access Packs
# 0: Loading the tools information
[1/251] Building object file W:/MTB/Machine_Learning_Neural_Network_Profiler/build/Debug/bsps/APP_CY8CKIT-062-BLE/COMPONENT_CM4/TOOLCHAIN_GCC_ARM/startup_psoc6_01_cm4.o
[2/251] Building object file W:/MTB/Machine_Learning_Neural_Network_Profiler/build/Debug/bsps/APP_CY8CKIT-062-BLE/config/GeneratedSource/cycfg_routing.o
[3/251] Building object file W:/MTB/Machine_Learning_Neural_Network_Profiler/build/Debug/bsps/APP_CY8CKIT-062-BLE/config/GeneratedSource/cycfg_capsense.o
[4/251] Building object file W:/MTB/Machine_Learning_Neural_Network_Profiler/build/Debug/bsps/APP_CY8CKIT-062-BLE/bluetooth/cybsp_bt_config.o
[5/251] Building object file W:/MTB/Machine_Learning_Neural_Network_Profiler/build/Debug/local/mtb_ml_gen/mtb_ml_models/TEST_MODEL_tflm_model_int8x8.o
[6/251] Building object file W:/MTB/Machine_Learning_Neural_Network_Profiler/build/Debug/bsps/APP_CY8CKIT-062-BLE/config/GeneratedSource/cycfg_qspi_memslot.o
[7/251] Building object file W:/MTB/Machine_Learning_Neural_Network_Profiler/build/Debug/local/mtb_ml_gen/mtb_ml_regression_data/TEST_MODEL_tflm_x_data_int8x8.o
[8/251] Building object file W:/MTB/Machine_Learning_Neural_Network_Profiler/build/Debug/local/mtb_ml_gen/mtb_ml_regression_data/TEST_MODEL_tflm_y_data_int8x8.o
[9/251] Building object file W:/MTB/Machine_Learning_Neural_Network_Profiler/build/Debug/bsps/APP_CY8CKIT-062-BLE/COMPONENT_CM4/system_psoc6_cm4.o
[10/251] Building object file W:/MTB/Machine_Learning_Neural_Network_Profiler/build/Debug/libraries_shared/mtb-pdl-cat1/drivers/source/TOOLCHAIN_GCC_ARM/cy_syslib_ext.o
[11/251] Building object file W:/MTB/Machine_Learning_Neural_Network_Profiler/build/Debug/bsps/APP_CY8CKIT-062-BLE/config/GeneratedSource/cycfg_clocks.o
[12/251] Building object file W:/MTB/Machine_Learning_Neural_Network_Profiler/build/Debug/bsps/APP_CY8CKIT-062-BLE/config/GeneratedSource/cycfg.o
[13/251] Building object file W:/MTB/Machine_Learning_Neural_Network_Profiler/build/Debug/bsps/APP_CY8CKIT-062-BLE/config/GeneratedSource/cycfg_peripherals.o
[14/251] Building object file W:/MTB/Machine_Learning_Neural_Network_Profiler/build/Debug/bsps/APP_CY8CKIT-062-BLE/config/GeneratedSource/cycfg_system.o
[15/251] Building object file W:/MTB/Machine_Learning_Neural_Network_Profiler/build/Debug/bsps/APP_CY8CKIT-062-BLE/config/GeneratedSource/cycfg_pins.o
[16/251] Building object file W:/MTB/Machine_Learning_Neural_Network_Profiler/build/Debug/libraries_shared/cat1cm0p/COMPONENT_CAT1A/COMPONENT_CM0P_BLESS/psoc6_cm0p_bless.o
[17/251] Building object file W:/MTB/Machine_Learning_Neural_Network_Profiler/build/Debug/bsps/APP_CY8CKIT-062-BLE/cybsp.o
[18/251] Building object file W:/MTB/Machine_Learning_Neural_Network_Profiler/build/Debug/libraries_shared/ml-middleware/source/mtb_ml_utils.o
[19/251] Building object file W:/MTB/Machine_Learning_Neural_Network_Profiler/build/Debug/local/source/elapsed_timer.o
[20/251] Building object file W:/MTB/Machine_Learning_Neural_Network_Profiler/build/Debug/local/source/ml_local_regression.o
[21/251] Building object file W:/MTB/Machine_Learning_Neural_Network_Profiler/build/Debug/libraries_shared/mtb-hal-cat1/COMPONENT_CAT1A/source/pin_packages/cyhal_psoc6_01_116_bga_ble.o
[22/251] Building object file W:/MTB/Machine_Learning_Neural_Network_Profiler/build/Debug/libraries_shared/mtb-hal-cat1/COMPONENT_CAT1A/source/pin_packages/cyhal_psoc6_01_104_m_csp_ble_usb.o
[23/251] Building object file W:/MTB/Machine_Learning_Neural_Network_Profiler/build/Debug/local/source/main.o
[24/251] Building object file W:/MTB/Machine_Learning_Neural_Network_Profiler/build/Debug/libraries_shared/mtb-hal-cat1/COMPONENT_CAT1A/source/pin_packages/cyhal_psoc6_01_124_bga.o
[25/251] Building object file W:/MTB/Machine_Learning_Neural_Network_Profiler/build/Debug/libraries_shared/mtb-hal-cat1/COMPONENT_CAT1A/source/pin_packages/cyhal_psoc6_01_104_m_csp_ble.o
[26/251] Building object file W:/MTB/Machine_Learning_Neural_Network_Profiler/build/Debug/libraries_shared/mtb-hal-cat1/COMPONENT_CAT1A/source/pin_packages/cyhal_psoc6_01_43_smt.o
[27/251] Building object file W:/MTB/Machine_Learning_Neural_Network_Profiler/build/Debug/libraries_shared/mtb-hal-cat1/COMPONENT_CAT1A/source/pin_packages/cyhal_psoc6_01_68_qfn_ble.o
[28/251] Building object file W:/MTB/Machine_Learning_Neural_Network_Profiler/build/Debug/libraries_shared/mtb-hal-cat1/COMPONENT_CAT1A/source/pin_packages/cyhal_psoc6_01_116_bga_usb.o
[29/251] Building object file W:/MTB/Machine_Learning_Neural_Network_Profiler/build/Debug/libraries_shared/ml-middleware/source/COMPONENT_ML_MW_STREAM/mtb_ml_stream.o
[30/251] Building object file W:/MTB/Machine_Learning_Neural_Network_Profiler/build/Debug/libraries_shared/mtb-hal-cat1/COMPONENT_CAT1A/source/pin_packages/cyhal_psoc6_01_124_bga_sip.o
[31/251] Building object file W:/MTB/Machine_Learning_Neural_Network_Profiler/build/Debug/libraries_shared/mtb-hal-cat1/COMPONENT_CAT1A/source/pin_packages/cyhal_psoc6_01_80_wlcsp.o
[32/251] Building object file W:/MTB/Machine_Learning_Neural_Network_Profiler/build/Debug/libraries_shared/mtb-hal-cat1/COMPONENT_CAT1A/source/pin_packages/cyhal_psoc6_02_100_wlcsp.o
[33/251] Building object file W:/MTB/Machine_Learning_Neural_Network_Profiler/build/Debug/libraries_shared/mtb-hal-cat1/COMPONENT_CAT1A/source/pin_packages/cyhal_psoc6_02_124_bga.o
[34/251] Building object file W:/MTB/Machine_Learning_Neural_Network_Profiler/build/Debug/libraries_shared/mtb-hal-cat1/COMPONENT_CAT1A/source/pin_packages/cyhal_psoc6_02_68_qfn.o
[35/251] Building object file W:/MTB/Machine_Learning_Neural_Network_Profiler/build/Debug/libraries_shared/mtb-hal-cat1/COMPONENT_CAT1A/source/pin_packages/cyhal_psoc6_04_64_tqfp.o
[36/251] Building object file W:/MTB/Machine_Learning_Neural_Network_Profiler/build/Debug/libraries_shared/mtb-hal-cat1/COMPONENT_CAT1A/source/pin_packages/cyhal_psoc6_04_68_qfn.o
[37/251] Building object file W:/MTB/Machine_Learning_Neural_Network_Profiler/build/Debug/libraries_shared/mtb-hal-cat1/COMPONENT_CAT1A/source/pin_packages/cyhal_psoc6_02_128_tqfp.o
[38/251] Building object file W:/MTB/Machine_Learning_Neural_Network_Profiler/build/Debug/libraries_shared/mtb-hal-cat1/COMPONENT_CAT1A/source/pin_packages/cyhal_psoc6_03_68_qfn.o
[39/251] Building object file W:/MTB/Machine_Learning_Neural_Network_Profiler/build/Debug/libraries_shared/mtb-hal-cat1/COMPONENT_CAT1A/source/pin_packages/cyhal_psoc6_03_49_wlcsp.o
[40/251] Building object file W:/MTB/Machine_Learning_Neural_Network_Profiler/build/Debug/libraries_shared/mtb-hal-cat1/COMPONENT_CAT1A/source/pin_packages/cyhal_psoc6_03_100_tqfp.o
[41/251] Building object file W:/MTB/Machine_Learning_Neural_Network_Profiler/build/Debug/libraries_shared/mtb-hal-cat1/COMPONENT_CAT1A/source/pin_packages/cyhal_psoc6_04_80_m_csp.o
[42/251] Building object file W:/MTB/Machine_Learning_Neural_Network_Profiler/build/Debug/libraries_shared/mtb-hal-cat1/COMPONENT_CAT1A/source/pin_packages/cyhal_tviibe1m_100_lqfp.o
[43/251] Building object file W:/MTB/Machine_Learning_Neural_Network_Profiler/build/Debug/libraries_shared/mtb-hal-cat1/COMPONENT_CAT1A/source/pin_packages/cyhal_tviibe1m_144_lqfp.o
[44/251] Building object file W:/MTB/Machine_Learning_Neural_Network_Profiler/build/Debug/libraries_shared/mtb-hal-cat1/COMPONENT_CAT1A/source/pin_packages/cyhal_psoc6_04_80_tqfp.o
[45/251] Building object file W:/MTB/Machine_Learning_Neural_Network_Profiler/build/Debug/libraries_shared/mtb-hal-cat1/COMPONENT_CAT1A/source/pin_packages/cyhal_tviibe1m_64_lqfp.o
[46/251] Building object file W:/MTB/Machine_Learning_Neural_Network_Profiler/build/Debug/libraries_shared/mtb-hal-cat1/COMPONENT_CAT1A/source/pin_packages/cyhal_tviibe1m_176_lqfp.o
[47/251] Building object file W:/MTB/Machine_Learning_Neural_Network_Profiler/build/Debug/libraries_shared/mtb-hal-cat1/COMPONENT_CAT1A/source/pin_packages/cyhal_tviibe1m_80_lqfp.o
[48/251] Building object file W:/MTB/Machine_Learning_Neural_Network_Profiler/build/Debug/libraries_shared/mtb-hal-cat1/COMPONENT_CAT1A/source/pin_packages/cyhal_tviibe2m_100_lqfp.o
[49/251] Building object file W:/MTB/Machine_Learning_Neural_Network_Profiler/build/Debug/libraries_shared/mtb-hal-cat1/COMPONENT_CAT1A/source/pin_packages/cyhal_tviibe2m_144_lqfp.o
[50/251] Building object file W:/MTB/Machine_Learning_Neural_Network_Profiler/build/Debug/libraries_shared/mtb-hal-cat1/COMPONENT_CAT1A/source/pin_packages/cyhal_tviibe4m_100_lqfp.o
[51/251] Building object file W:/MTB/Machine_Learning_Neural_Network_Profiler/build/Debug/libraries_shared/mtb-hal-cat1/COMPONENT_CAT1A/source/pin_packages/cyhal_tviibe2m_80_lqfp.o
[52/251] Building object file W:/MTB/Machine_Learning_Neural_Network_Profiler/build/Debug/libraries_shared/mtb-hal-cat1/COMPONENT_CAT1A/source/triggers/cyhal_triggers_psoc6_02.o
[53/251] Building object file W:/MTB/Machine_Learning_Neural_Network_Profiler/build/Debug/libraries_shared/mtb-hal-cat1/COMPONENT_CAT1A/source/pin_packages/cyhal_tviibe2m_64_lqfp.o
[54/251] Building object file W:/MTB/Machine_Learning_Neural_Network_Profiler/build/Debug/libraries_shared/mtb-hal-cat1/COMPONENT_CAT1A/source/pin_packages/cyhal_tviibe4m_64_lqfp.o
[55/251] Building object file W:/MTB/Machine_Learning_Neural_Network_Profiler/build/Debug/libraries_shared/mtb-hal-cat1/COMPONENT_CAT1A/source/pin_packages/cyhal_tviibe4m_80_lqfp.o
[56/251] Building object file W:/MTB/Machine_Learning_Neural_Network_Profiler/build/Debug/libraries_shared/mtb-hal-cat1/COMPONENT_CAT1A/source/pin_packages/cyhal_tviibe4m_144_lqfp.o
[57/251] Building object file W:/MTB/Machine_Learning_Neural_Network_Profiler/build/Debug/libraries_shared/mtb-hal-cat1/COMPONENT_CAT1A/source/triggers/cyhal_triggers_psoc6_01.o
[58/251] Building object file W:/MTB/Machine_Learning_Neural_Network_Profiler/build/Debug/libraries_shared/mtb-hal-cat1/COMPONENT_CAT1A/source/pin_packages/cyhal_tviibe2m_176_lqfp.o
[59/251] Building object file W:/MTB/Machine_Learning_Neural_Network_Profiler/build/Debug/libraries_shared/mtb-hal-cat1/COMPONENT_CAT1A/source/triggers/cyhal_triggers_psoc6_03.o
[60/251] Building object file W:/MTB/Machine_Learning_Neural_Network_Profiler/build/Debug/libraries_shared/mtb-hal-cat1/COMPONENT_CAT1A/source/pin_packages/cyhal_tviibe4m_176_lqfp.o
[61/251] Building object file W:/MTB/Machine_Learning_Neural_Network_Profiler/build/Debug/libraries_shared/mtb-hal-cat1/COMPONENT_CAT1A/source/triggers/cyhal_triggers_tviibe1m.o
[62/251] Building object file W:/MTB/Machine_Learning_Neural_Network_Profiler/build/Debug/libraries_shared/mtb-hal-cat1/COMPONENT_CAT1A/source/triggers/cyhal_triggers_psoc6_04.o
[63/251] Building object file W:/MTB/Machine_Learning_Neural_Network_Profiler/build/Debug/libraries_shared/mtb-hal-cat1/COMPONENT_CAT1A/source/triggers/cyhal_triggers_tviibe2m.o
[64/251] Building object file W:/MTB/Machine_Learning_Neural_Network_Profiler/build/Debug/libraries_shared/mtb-hal-cat1/COMPONENT_CAT1A/source/triggers/cyhal_triggers_tviibe4m.o
[65/251] Building object file W:/MTB/Machine_Learning_Neural_Network_Profiler/build/Debug/libraries_shared/mtb-hal-cat1/source/cyhal_analog_common.o
[66/251] Building object file W:/MTB/Machine_Learning_Neural_Network_Profiler/build/Debug/libraries_shared/mtb-hal-cat1/source/cyhal_adc_mic.o
[67/251] Building object file W:/MTB/Machine_Learning_Neural_Network_Profiler/build/Debug/libraries_shared/mtb-hal-cat1/source/cyhal_comp.o
[68/251] Building object file W:/MTB/Machine_Learning_Neural_Network_Profiler/build/Debug/libraries_shared/mtb-hal-cat1/source/cyhal_crc.o
[69/251] Building object file W:/MTB/Machine_Learning_Neural_Network_Profiler/build/Debug/libraries_shared/mtb-hal-cat1/source/cyhal_audio_common.o
[70/251] Building object file W:/MTB/Machine_Learning_Neural_Network_Profiler/build/Debug/libraries_shared/mtb-hal-cat1/source/cyhal_adc_sar.o
[71/251] Building object file W:/MTB/Machine_Learning_Neural_Network_Profiler/build/Debug/libraries_shared/mtb-hal-cat1/source/cyhal_comp_ctb.o
[72/251] Building object file W:/MTB/Machine_Learning_Neural_Network_Profiler/build/Debug/libraries_shared/mtb-hal-cat1/source/cyhal_comp_lp.o
[73/251] Building object file W:/MTB/Machine_Learning_Neural_Network_Profiler/build/Debug/libraries_shared/mtb-hal-cat1/source/cyhal_crypto_common.o
[74/251] Building object file W:/MTB/Machine_Learning_Neural_Network_Profiler/build/Debug/libraries_shared/mtb-hal-cat1/source/cyhal_clock.o
[75/251] Building object file W:/MTB/Machine_Learning_Neural_Network_Profiler/build/Debug/libraries_shared/mtb-hal-cat1/source/cyhal_dac.o
[76/251] Building object file W:/MTB/Machine_Learning_Neural_Network_Profiler/build/Debug/libraries_shared/mtb-hal-cat1/source/cyhal_dma.o
[77/251] Building object file W:/MTB/Machine_Learning_Neural_Network_Profiler/build/Debug/libraries_shared/mtb-hal-cat1/source/cyhal_dma_dw.o
[78/251] Building object file W:/MTB/Machine_Learning_Neural_Network_Profiler/build/Debug/libraries_shared/mtb-hal-cat1/source/cyhal_ezi2c.o
[79/251] Building object file W:/MTB/Machine_Learning_Neural_Network_Profiler/build/Debug/libraries_shared/mtb-hal-cat1/source/cyhal_dma_dmac.o
[80/251] Building object file W:/MTB/Machine_Learning_Neural_Network_Profiler/build/Debug/libraries_shared/mtb-hal-cat1/source/cyhal_hwmgr.o
[81/251] Building object file W:/MTB/Machine_Learning_Neural_Network_Profiler/build/Debug/libraries_shared/mtb-hal-cat1/source/cyhal_gpio.o
[82/251] Building object file W:/MTB/Machine_Learning_Neural_Network_Profiler/build/Debug/libraries_shared/mtb-hal-cat1/source/cyhal_i2s.o
[83/251] Building object file W:/MTB/Machine_Learning_Neural_Network_Profiler/build/Debug/libraries_shared/mtb-hal-cat1/source/cyhal_irq_impl.o
[84/251] Building object file W:/MTB/Machine_Learning_Neural_Network_Profiler/build/Debug/libraries_shared/mtb-hal-cat1/source/cyhal_interconnect.o
[85/251] Building object file W:/MTB/Machine_Learning_Neural_Network_Profiler/build/Debug/libraries_shared/mtb-hal-cat1/source/cyhal_keyscan.o
[86/251] Building object file W:/MTB/Machine_Learning_Neural_Network_Profiler/build/Debug/libraries_shared/mtb-hal-cat1/source/cyhal_i2c.o
[87/251] Building object file W:/MTB/Machine_Learning_Neural_Network_Profiler/build/Debug/libraries_shared/mtb-hal-cat1/source/cyhal_lptimer.o
[88/251] Building object file W:/MTB/Machine_Learning_Neural_Network_Profiler/build/Debug/libraries_shared/mtb-hal-cat1/source/cyhal_ipc.o
[89/251] Building object file W:/MTB/Machine_Learning_Neural_Network_Profiler/build/Debug/libraries_shared/mtb-hal-cat1/source/cyhal_opamp.o
[90/251] Building object file W:/MTB/Machine_Learning_Neural_Network_Profiler/build/Debug/libraries_shared/mtb-hal-cat1/source/cyhal_nvm.o
[91/251] Building object file W:/MTB/Machine_Learning_Neural_Network_Profiler/build/Debug/libraries_shared/mtb-hal-cat1/source/cyhal_pwm.o
[92/251] Building object file W:/MTB/Machine_Learning_Neural_Network_Profiler/build/Debug/libraries_shared/mtb-hal-cat1/source/cyhal_quaddec.o
[93/251] Building object file W:/MTB/Machine_Learning_Neural_Network_Profiler/build/Debug/libraries_shared/mtb-hal-cat1/source/cyhal_pdmpcm.o
[94/251] Building object file W:/MTB/Machine_Learning_Neural_Network_Profiler/build/Debug/libraries_shared/mtb-hal-cat1/source/cyhal_qspi.o
[95/251] Building object file W:/MTB/Machine_Learning_Neural_Network_Profiler/build/Debug/libraries_shared/mtb-hal-cat1/source/cyhal_scb_common.o
[96/251] Building object file W:/MTB/Machine_Learning_Neural_Network_Profiler/build/Debug/libraries_shared/mtb-hal-cat1/source/cyhal_system.o
[97/251] Building object file W:/MTB/Machine_Learning_Neural_Network_Profiler/build/Debug/libraries_shared/mtb-hal-cat1/source/cyhal_rtc.o
[98/251] Building object file W:/MTB/Machine_Learning_Neural_Network_Profiler/build/Debug/libraries_shared/mtb-hal-cat1/source/cyhal_syspm.o
[99/251] Building object file W:/MTB/Machine_Learning_Neural_Network_Profiler/build/Debug/libraries_shared/mtb-hal-cat1/source/cyhal_tcpwm_common.o
[100/251] Building object file W:/MTB/Machine_Learning_Neural_Network_Profiler/build/Debug/libraries_shared/mtb-hal-cat1/source/cyhal_tdm.o
[101/251] Building object file W:/MTB/Machine_Learning_Neural_Network_Profiler/build/Debug/libraries_shared/mtb-hal-cat1/source/cyhal_sdhc.o
[102/251] Building object file W:/MTB/Machine_Learning_Neural_Network_Profiler/build/Debug/libraries_shared/mtb-hal-cat1/source/cyhal_spi.o
[103/251] Building object file W:/MTB/Machine_Learning_Neural_Network_Profiler/build/Debug/libraries_shared/mtb-pdl-cat1/devices/COMPONENT_CAT1A/source/cy_device.o
[104/251] Building object file W:/MTB/Machine_Learning_Neural_Network_Profiler/build/Debug/libraries_shared/mtb-pdl-cat1/drivers/source/cy_ble_clk.o
[105/251] Building object file W:/MTB/Machine_Learning_Neural_Network_Profiler/build/Debug/libraries_shared/mtb-hal-cat1/source/cyhal_timer.o
[106/251] Building object file W:/MTB/Machine_Learning_Neural_Network_Profiler/build/Debug/libraries_shared/mtb-pdl-cat1/drivers/source/cy_axidmac.o
[107/251] Building object file W:/MTB/Machine_Learning_Neural_Network_Profiler/build/Debug/libraries_shared/mtb-pdl-cat1/drivers/source/cy_cordic.o
[108/251] Building object file W:/MTB/Machine_Learning_Neural_Network_Profiler/build/Debug/libraries_shared/mtb-pdl-cat1/drivers/source/cy_canfd.o
[109/251] Building object file W:/MTB/Machine_Learning_Neural_Network_Profiler/build/Debug/libraries_shared/mtb-hal-cat1/source/cyhal_trng.o
[110/251] Building object file W:/MTB/Machine_Learning_Neural_Network_Profiler/build/Debug/libraries_shared/mtb-pdl-cat1/drivers/source/cy_adcmic.o
[111/251] Building object file W:/MTB/Machine_Learning_Neural_Network_Profiler/build/Debug/libraries_shared/mtb-hal-cat1/source/cyhal_udb_sdio.o
[112/251] Building object file W:/MTB/Machine_Learning_Neural_Network_Profiler/build/Debug/libraries_shared/mtb-hal-cat1/source/cyhal_wdt.o
[113/251] Building object file W:/MTB/Machine_Learning_Neural_Network_Profiler/build/Debug/libraries_shared/mtb-hal-cat1/source/cyhal_utils.o
[114/251] Building object file W:/MTB/Machine_Learning_Neural_Network_Profiler/build/Debug/libraries_shared/mtb-hal-cat1/source/cyhal_usb_dev.o
[115/251] Building object file W:/MTB/Machine_Learning_Neural_Network_Profiler/build/Debug/libraries_shared/mtb-pdl-cat1/drivers/source/cy_crypto.o
[116/251] Building object file W:/MTB/Machine_Learning_Neural_Network_Profiler/build/Debug/libraries_shared/mtb-hal-cat1/source/cyhal_utils_impl.o
[117/251] Building object file W:/MTB/Machine_Learning_Neural_Network_Profiler/build/Debug/libraries_shared/mtb-pdl-cat1/drivers/source/cy_crypto_core_crc_v2.o
[118/251] Building object file W:/MTB/Machine_Learning_Neural_Network_Profiler/build/Debug/libraries_shared/mtb-pdl-cat1/drivers/source/cy_crypto_core_crc_v1.o
[119/251] Building object file W:/MTB/Machine_Learning_Neural_Network_Profiler/build/Debug/libraries_shared/mtb-hal-cat1/source/cyhal_uart.o
[120/251] Building object file W:/MTB/Machine_Learning_Neural_Network_Profiler/build/Debug/libraries_shared/mtb-pdl-cat1/drivers/source/cy_crypto_core_aes_v2.o
[121/251] Building object file W:/MTB/Machine_Learning_Neural_Network_Profiler/build/Debug/libraries_shared/mtb-pdl-cat1/drivers/source/cy_crypto_core_cmac_v2.o
[122/251] Building object file W:/MTB/Machine_Learning_Neural_Network_Profiler/build/Debug/libraries_shared/mtb-pdl-cat1/drivers/source/cy_crypto_core_cmac_v1.o
[123/251] Building object file W:/MTB/Machine_Learning_Neural_Network_Profiler/build/Debug/libraries_shared/mtb-pdl-cat1/drivers/source/cy_crypto_core_des_v1.o
[124/251] Building object file W:/MTB/Machine_Learning_Neural_Network_Profiler/build/Debug/libraries_shared/mtb-pdl-cat1/drivers/source/cy_crypto_core_ecc_domain_params.o
[125/251] Building object file W:/MTB/Machine_Learning_Neural_Network_Profiler/build/Debug/libraries_shared/mtb-pdl-cat1/drivers/source/cy_crypto_core_aes_v1.o
[126/251] Building object file W:/MTB/Machine_Learning_Neural_Network_Profiler/build/Debug/libraries_shared/mtb-pdl-cat1/drivers/source/cy_crypto_core_ecc_ec25519.o
[127/251] Building object file W:/MTB/Machine_Learning_Neural_Network_Profiler/build/Debug/libraries_shared/mtb-pdl-cat1/drivers/source/cy_crypto_core_hmac_v2.o
[128/251] Building object file W:/MTB/Machine_Learning_Neural_Network_Profiler/build/Debug/libraries_shared/mtb-pdl-cat1/drivers/source/cy_crypto_core_des_v2.o
[129/251] Building object file W:/MTB/Machine_Learning_Neural_Network_Profiler/build/Debug/libraries_shared/mtb-pdl-cat1/drivers/source/cy_crypto_core_ecc_ecdsa.o
[130/251] Building object file W:/MTB/Machine_Learning_Neural_Network_Profiler/build/Debug/libraries_shared/mtb-pdl-cat1/drivers/source/cy_crypto_core_ecc_key_gen.o
[131/251] Building object file W:/MTB/Machine_Learning_Neural_Network_Profiler/build/Debug/libraries_shared/mtb-pdl-cat1/drivers/source/cy_crypto_core_mem_v2.o
[132/251] Building object file W:/MTB/Machine_Learning_Neural_Network_Profiler/build/Debug/libraries_shared/mtb-pdl-cat1/drivers/source/cy_crypto_core_hw.o
[133/251] Building object file W:/MTB/Machine_Learning_Neural_Network_Profiler/build/Debug/libraries_shared/mtb-pdl-cat1/drivers/source/cy_crypto_core_hkdf_v2.o
[134/251] Building object file W:/MTB/Machine_Learning_Neural_Network_Profiler/build/Debug/libraries_shared/mtb-pdl-cat1/drivers/source/cy_crypto_core_hw_v1.o
[135/251] Building object file W:/MTB/Machine_Learning_Neural_Network_Profiler/build/Debug/libraries_shared/mtb-pdl-cat1/drivers/source/cy_crypto_core_hmac_v1.o
[136/251] Building object file W:/MTB/Machine_Learning_Neural_Network_Profiler/build/Debug/libraries_shared/mtb-pdl-cat1/drivers/source/cy_crypto_core_ecc_eddsa.o
[137/251] Building object file W:/MTB/Machine_Learning_Neural_Network_Profiler/build/Debug/libraries_shared/mtb-pdl-cat1/drivers/source/cy_crypto_core_mem_v1.o
[138/251] Building object file W:/MTB/Machine_Learning_Neural_Network_Profiler/build/Debug/libraries_shared/mtb-pdl-cat1/drivers/source/cy_crypto_core_prng_v1.o
[139/251] Building object file W:/MTB/Machine_Learning_Neural_Network_Profiler/build/Debug/libraries_shared/mtb-pdl-cat1/drivers/source/cy_crypto_core_prng_v2.o
[140/251] Building object file W:/MTB/Machine_Learning_Neural_Network_Profiler/build/Debug/libraries_shared/mtb-pdl-cat1/drivers/source/cy_crypto_core_sha_v2.o
[141/251] Building object file W:/MTB/Machine_Learning_Neural_Network_Profiler/build/Debug/libraries_shared/mtb-pdl-cat1/drivers/source/cy_cryptolite_cmac.o
[142/251] Building object file W:/MTB/Machine_Learning_Neural_Network_Profiler/build/Debug/libraries_shared/mtb-pdl-cat1/drivers/source/cy_crypto_server.o
[143/251] Building object file W:/MTB/Machine_Learning_Neural_Network_Profiler/build/Debug/libraries_shared/mtb-pdl-cat1/drivers/source/cy_crypto_core_sha_v1.o
[144/251] Building object file W:/MTB/Machine_Learning_Neural_Network_Profiler/build/Debug/libraries_shared/mtb-pdl-cat1/drivers/source/cy_crypto_core_trng.o
[145/251] Building object file W:/MTB/Machine_Learning_Neural_Network_Profiler/build/Debug/libraries_shared/mtb-pdl-cat1/drivers/source/cy_crypto_core_rsa.o
[146/251] Building object file W:/MTB/Machine_Learning_Neural_Network_Profiler/build/Debug/libraries_shared/mtb-pdl-cat1/drivers/source/cy_cryptolite_aes.o
[147/251] Building object file W:/MTB/Machine_Learning_Neural_Network_Profiler/build/Debug/libraries_shared/mtb-pdl-cat1/drivers/source/cy_cryptolite_ecc_key_gen.o
[148/251] Building object file W:/MTB/Machine_Learning_Neural_Network_Profiler/build/Debug/libraries_shared/mtb-pdl-cat1/drivers/source/cy_cryptolite_aes_ccm.o
[149/251] Building object file W:/MTB/Machine_Learning_Neural_Network_Profiler/build/Debug/libraries_shared/mtb-pdl-cat1/drivers/source/cy_cryptolite_ecc_eddsa.o
[150/251] Building object file W:/MTB/Machine_Learning_Neural_Network_Profiler/build/Debug/libraries_shared/mtb-pdl-cat1/drivers/source/cy_crypto_core_vu.o
[151/251] Building object file W:/MTB/Machine_Learning_Neural_Network_Profiler/build/Debug/libraries_shared/mtb-pdl-cat1/drivers/source/cy_cryptolite_hkdf.o
[152/251] Building object file W:/MTB/Machine_Learning_Neural_Network_Profiler/build/Debug/libraries_shared/mtb-pdl-cat1/drivers/source/cy_crypto_core_ecc_nist_p.o
[153/251] Building object file W:/MTB/Machine_Learning_Neural_Network_Profiler/build/Debug/libraries_shared/mtb-pdl-cat1/drivers/source/cy_cryptolite_ecc_ec25519.o
[154/251] Building object file W:/MTB/Machine_Learning_Neural_Network_Profiler/build/Debug/libraries_shared/mtb-pdl-cat1/drivers/source/cy_cryptolite_ecdsa.o
[155/251] Building object file W:/MTB/Machine_Learning_Neural_Network_Profiler/build/Debug/libraries_shared/mtb-pdl-cat1/drivers/source/cy_cryptolite_nist_p.o
[156/251] Building object file W:/MTB/Machine_Learning_Neural_Network_Profiler/build/Debug/libraries_shared/mtb-pdl-cat1/drivers/source/cy_cryptolite_rsa.o
[157/251] Building object file W:/MTB/Machine_Learning_Neural_Network_Profiler/build/Debug/libraries_shared/mtb-pdl-cat1/drivers/source/cy_cryptolite_sha256.o
[158/251] Building object file W:/MTB/Machine_Learning_Neural_Network_Profiler/build/Debug/libraries_shared/mtb-pdl-cat1/drivers/source/cy_cryptolite_utils.o
[159/251] Building object file W:/MTB/Machine_Learning_Neural_Network_Profiler/build/Debug/libraries_shared/mtb-pdl-cat1/drivers/source/cy_cryptolite_trng.o
[160/251] Building object file W:/MTB/Machine_Learning_Neural_Network_Profiler/build/Debug/libraries_shared/mtb-pdl-cat1/drivers/source/cy_csd.o
[161/251] Building object file W:/MTB/Machine_Learning_Neural_Network_Profiler/build/Debug/libraries_shared/mtb-pdl-cat1/drivers/source/cy_cryptolite_vu.o
[162/251] Building object file W:/MTB/Machine_Learning_Neural_Network_Profiler/build/Debug/libraries_shared/mtb-pdl-cat1/drivers/source/cy_dmac.o
[163/251] Building object file W:/MTB/Machine_Learning_Neural_Network_Profiler/build/Debug/libraries_shared/mtb-pdl-cat1/drivers/source/cy_ctdac.o
[164/251] Building object file W:/MTB/Machine_Learning_Neural_Network_Profiler/build/Debug/libraries_shared/mtb-pdl-cat1/drivers/source/cy_ephy.o
[165/251] Building object file W:/MTB/Machine_Learning_Neural_Network_Profiler/build/Debug/libraries_shared/mtb-pdl-cat1/drivers/source/cy_cryptolite_hmac.o
[166/251] Building object file W:/MTB/Machine_Learning_Neural_Network_Profiler/build/Debug/libraries_shared/mtb-pdl-cat1/drivers/source/cy_efuse.o
[167/251] Building object file W:/MTB/Machine_Learning_Neural_Network_Profiler/build/Debug/libraries_shared/mtb-pdl-cat1/drivers/source/cy_efuse_v3.o
[168/251] Building object file W:/MTB/Machine_Learning_Neural_Network_Profiler/build/Debug/libraries_shared/mtb-pdl-cat1/drivers/source/cy_dma.o
[169/251] Building object file W:/MTB/Machine_Learning_Neural_Network_Profiler/build/Debug/libraries_shared/mtb-pdl-cat1/drivers/source/cy_ctb.o
[170/251] Building object file W:/MTB/Machine_Learning_Neural_Network_Profiler/build/Debug/libraries_shared/mtb-pdl-cat1/drivers/source/cy_ethif.o
[171/251] Building object file W:/MTB/Machine_Learning_Neural_Network_Profiler/build/Debug/libraries_shared/mtb-pdl-cat1/drivers/source/cy_flash_srom.o
[172/251] Building object file W:/MTB/Machine_Learning_Neural_Network_Profiler/build/Debug/libraries_shared/mtb-pdl-cat1/drivers/source/cy_flash_v2.o
[173/251] Building object file W:/MTB/Machine_Learning_Neural_Network_Profiler/build/Debug/libraries_shared/mtb-pdl-cat1/drivers/source/cy_gpio.o
[174/251] Building object file W:/MTB/Machine_Learning_Neural_Network_Profiler/build/Debug/libraries_shared/mtb-pdl-cat1/drivers/source/cy_evtgen.o
[175/251] Building object file W:/MTB/Machine_Learning_Neural_Network_Profiler/build/Debug/libraries_shared/mtb-pdl-cat1/drivers/source/cy_hppass.o
[176/251] Building object file W:/MTB/Machine_Learning_Neural_Network_Profiler/build/Debug/libraries_shared/mtb-pdl-cat1/drivers/source/cy_flash.o
[177/251] Building object file W:/MTB/Machine_Learning_Neural_Network_Profiler/build/Debug/libraries_shared/mtb-pdl-cat1/drivers/source/cy_hppass_csg.o
[178/251] Building object file W:/MTB/Machine_Learning_Neural_Network_Profiler/build/Debug/libraries_shared/mtb-pdl-cat1/drivers/source/cy_hppass_sar.o
[179/251] Building object file W:/MTB/Machine_Learning_Neural_Network_Profiler/build/Debug/libraries_shared/mtb-pdl-cat1/drivers/source/cy_ipc_bt.o
[180/251] Building object file W:/MTB/Machine_Learning_Neural_Network_Profiler/build/Debug/libraries_shared/mtb-pdl-cat1/drivers/source/cy_i2s.o
[181/251] Building object file W:/MTB/Machine_Learning_Neural_Network_Profiler/build/Debug/libraries_shared/mtb-pdl-cat1/drivers/source/cy_hppass_ac.o
[182/251] Building object file W:/MTB/Machine_Learning_Neural_Network_Profiler/build/Debug/libraries_shared/mtb-pdl-cat1/drivers/source/cy_ipc_drv.o
[183/251] Building object file W:/MTB/Machine_Learning_Neural_Network_Profiler/build/Debug/libraries_shared/mtb-pdl-cat1/drivers/source/cy_ipc_pipe.o
[184/251] Building object file W:/MTB/Machine_Learning_Neural_Network_Profiler/build/Debug/libraries_shared/mtb-pdl-cat1/drivers/source/cy_lin.o
[185/251] Building object file W:/MTB/Machine_Learning_Neural_Network_Profiler/build/Debug/libraries_shared/mtb-pdl-cat1/drivers/source/cy_lpcomp.o
[186/251] Building object file W:/MTB/Machine_Learning_Neural_Network_Profiler/build/Debug/libraries_shared/mtb-pdl-cat1/drivers/source/cy_mcwdt.o
[187/251] Building object file W:/MTB/Machine_Learning_Neural_Network_Profiler/build/Debug/libraries_shared/mtb-pdl-cat1/drivers/source/cy_mixer.o
[188/251] Building object file W:/MTB/Machine_Learning_Neural_Network_Profiler/build/Debug/libraries_shared/mtb-pdl-cat1/drivers/source/cy_mcwdt_b.o
[189/251] Building object file W:/MTB/Machine_Learning_Neural_Network_Profiler/build/Debug/libraries_shared/mtb-pdl-cat1/drivers/source/cy_ipc_sema.o
[190/251] Building object file W:/MTB/Machine_Learning_Neural_Network_Profiler/build/Debug/libraries_shared/mtb-pdl-cat1/drivers/source/cy_lvd_ht.o
[191/251] Building object file W:/MTB/Machine_Learning_Neural_Network_Profiler/build/Debug/libraries_shared/mtb-pdl-cat1/drivers/source/cy_mpc.o
[192/251] Building object file W:/MTB/Machine_Learning_Neural_Network_Profiler/build/Debug/libraries_shared/mtb-pdl-cat1/drivers/source/cy_pdm_pcm.o
[193/251] Building object file W:/MTB/Machine_Learning_Neural_Network_Profiler/build/Debug/libraries_shared/mtb-pdl-cat1/drivers/source/cy_keyscan.o
[194/251] Building object file W:/MTB/Machine_Learning_Neural_Network_Profiler/build/Debug/libraries_shared/mtb-pdl-cat1/drivers/source/cy_pdm_pcm_v2.o
[195/251] Building object file W:/MTB/Machine_Learning_Neural_Network_Profiler/build/Debug/libraries_shared/mtb-pdl-cat1/drivers/source/cy_ms_ctl.o
[196/251] Building object file W:/MTB/Machine_Learning_Neural_Network_Profiler/build/Debug/libraries_shared/mtb-pdl-cat1/drivers/source/cy_lvd.o
[197/251] Building object file W:/MTB/Machine_Learning_Neural_Network_Profiler/build/Debug/libraries_shared/mtb-pdl-cat1/drivers/source/cy_pra_cfg.o
[198/251] Building object file W:/MTB/Machine_Learning_Neural_Network_Profiler/build/Debug/libraries_shared/mtb-pdl-cat1/drivers/source/cy_ppc.o
[199/251] Building object file W:/MTB/Machine_Learning_Neural_Network_Profiler/build/Debug/libraries_shared/mtb-pdl-cat1/drivers/source/cy_pra.o
[200/251] Building object file W:/MTB/Machine_Learning_Neural_Network_Profiler/build/Debug/libraries_shared/mtb-pdl-cat1/drivers/source/cy_sar.o
[201/251] Building object file W:/MTB/Machine_Learning_Neural_Network_Profiler/build/Debug/libraries_shared/mtb-pdl-cat1/drivers/source/cy_sar2.o
[202/251] Building object file W:/MTB/Machine_Learning_Neural_Network_Profiler/build/Debug/libraries_shared/mtb-pdl-cat1/drivers/source/cy_prot.o
[203/251] Building object file W:/MTB/Machine_Learning_Neural_Network_Profiler/build/Debug/libraries_shared/mtb-pdl-cat1/drivers/source/cy_scb_common.o
[204/251] Building object file W:/MTB/Machine_Learning_Neural_Network_Profiler/build/Debug/libraries_shared/mtb-pdl-cat1/drivers/source/cy_profile.o
[205/251] Building object file W:/MTB/Machine_Learning_Neural_Network_Profiler/build/Debug/libraries_shared/mtb-pdl-cat1/drivers/source/cy_scb_uart.o
[206/251] Building object file W:/MTB/Machine_Learning_Neural_Network_Profiler/build/Debug/libraries_shared/mtb-pdl-cat1/drivers/source/cy_sd_host.o
[207/251] Building object file W:/MTB/Machine_Learning_Neural_Network_Profiler/build/Debug/libraries_shared/mtb-pdl-cat1/drivers/source/cy_scb_ezi2c.o
[208/251] Building object file W:/MTB/Machine_Learning_Neural_Network_Profiler/build/Debug/libraries_shared/mtb-pdl-cat1/drivers/source/cy_scb_spi.o
[209/251] Building object file W:/MTB/Machine_Learning_Neural_Network_Profiler/build/Debug/libraries_shared/mtb-pdl-cat1/drivers/source/cy_smif_hb_flash.o
[210/251] Building object file W:/MTB/Machine_Learning_Neural_Network_Profiler/build/Debug/libraries_shared/mtb-pdl-cat1/drivers/source/cy_scb_i2c.o
[211/251] Building object file W:/MTB/Machine_Learning_Neural_Network_Profiler/build/Debug/libraries_shared/mtb-pdl-cat1/drivers/source/cy_smif.o
[212/251] Building object file W:/MTB/Machine_Learning_Neural_Network_Profiler/build/Debug/libraries_shared/mtb-pdl-cat1/drivers/source/cy_smartio.o
[213/251] Building object file W:/MTB/Machine_Learning_Neural_Network_Profiler/build/Debug/libraries_shared/mtb-pdl-cat1/drivers/source/cy_sysanalog.o
[214/251] Building object file W:/MTB/Machine_Learning_Neural_Network_Profiler/build/Debug/libraries_shared/mtb-pdl-cat1/drivers/source/cy_seglcd.o
[215/251] Building object file W:/MTB/Machine_Learning_Neural_Network_Profiler/build/Debug/libraries_shared/mtb-pdl-cat1/drivers/source/cy_sysint.o
[216/251] Building object file W:/MTB/Machine_Learning_Neural_Network_Profiler/build/Debug/libraries_shared/mtb-pdl-cat1/drivers/source/cy_rtc.o
[217/251] Building object file W:/MTB/Machine_Learning_Neural_Network_Profiler/build/Debug/libraries_shared/mtb-pdl-cat1/drivers/source/cy_smif_sfdp.o
[218/251] Building object file W:/MTB/Machine_Learning_Neural_Network_Profiler/build/Debug/libraries_shared/mtb-pdl-cat1/drivers/source/cy_sysint_v2.o
[219/251] Building object file W:/MTB/Machine_Learning_Neural_Network_Profiler/build/Debug/libraries_shared/mtb-pdl-cat1/drivers/source/cy_sysclk_v2.o
[220/251] Building object file W:/MTB/Machine_Learning_Neural_Network_Profiler/build/Debug/libraries_shared/mtb-pdl-cat1/drivers/source/cy_sysfault.o
[221/251] Building object file W:/MTB/Machine_Learning_Neural_Network_Profiler/build/Debug/libraries_shared/mtb-pdl-cat1/drivers/source/cy_syspm_btss.o
[222/251] Building object file W:/MTB/Machine_Learning_Neural_Network_Profiler/build/Debug/libraries_shared/mtb-pdl-cat1/drivers/source/cy_smif_memslot.o
[223/251] Building object file W:/MTB/Machine_Learning_Neural_Network_Profiler/build/Debug/libraries_shared/mtb-pdl-cat1/drivers/source/cy_syspm_pdcm.o
[224/251] Building object file W:/MTB/Machine_Learning_Neural_Network_Profiler/build/Debug/libraries_shared/mtb-pdl-cat1/drivers/source/cy_syslib.o
[225/251] Building object file W:/MTB/Machine_Learning_Neural_Network_Profiler/build/Debug/libraries_shared/mtb-pdl-cat1/drivers/source/cy_syspm.o
[226/251] Building object file W:/MTB/Machine_Learning_Neural_Network_Profiler/build/Debug/libraries_shared/mtb-pdl-cat1/drivers/source/cy_sysclk.o
[227/251] Building object file W:/MTB/Machine_Learning_Neural_Network_Profiler/build/Debug/libraries_shared/mtb-pdl-cat1/drivers/source/cy_syspm_ppu.o
[228/251] Building object file W:/MTB/Machine_Learning_Neural_Network_Profiler/build/Debug/libraries_shared/mtb-pdl-cat1/drivers/source/cy_syspm_v4.o
[229/251] Building object file W:/MTB/Machine_Learning_Neural_Network_Profiler/build/Debug/libraries_shared/mtb-pdl-cat1/drivers/source/cy_syspm_v3.o
[230/251] Building object file W:/MTB/Machine_Learning_Neural_Network_Profiler/build/Debug/libraries_shared/mtb-pdl-cat1/drivers/source/cy_systick_v2.o
[231/251] Building object file W:/MTB/Machine_Learning_Neural_Network_Profiler/build/Debug/libraries_shared/mtb-pdl-cat1/drivers/source/cy_tcpwm_motif.o
[232/251] Building object file W:/MTB/Machine_Learning_Neural_Network_Profiler/build/Debug/libraries_shared/mtb-pdl-cat1/drivers/source/cy_syspm_v2.o
[233/251] Building object file W:/MTB/Machine_Learning_Neural_Network_Profiler/build/Debug/libraries_shared/mtb-pdl-cat1/drivers/source/cy_tcpwm_pwm.o
[234/251] Building object file W:/MTB/Machine_Learning_Neural_Network_Profiler/build/Debug/libraries_shared/mtb-pdl-cat1/drivers/source/cy_tdm.o
[235/251] Building object file W:/MTB/Machine_Learning_Neural_Network_Profiler/build/Debug/libraries_shared/mtb-pdl-cat1/drivers/source/cy_tcpwm_shiftreg.o
[236/251] Building object file W:/MTB/Machine_Learning_Neural_Network_Profiler/build/Debug/libraries_shared/mtb-pdl-cat1/drivers/source/cy_tcpwm_quaddec.o
[237/251] Building object file W:/MTB/Machine_Learning_Neural_Network_Profiler/build/Debug/libraries_shared/mtb-pdl-cat1/drivers/source/cy_systick.o
[238/251] Building object file W:/MTB/Machine_Learning_Neural_Network_Profiler/build/Debug/libraries_shared/mtb-pdl-cat1/drivers/source/cy_trigmux.o
[239/251] Building object file W:/MTB/Machine_Learning_Neural_Network_Profiler/build/Debug/libraries_shared/mtb-pdl-cat1/drivers/source/cy_tcpwm_counter.o
[240/251] Building object file W:/MTB/Machine_Learning_Neural_Network_Profiler/build/Debug/libraries_shared/mtb-pdl-cat1/drivers/source/cy_wdt.o
[241/251] Building object file W:/MTB/Machine_Learning_Neural_Network_Profiler/build/Debug/libraries_shared/mtb-pdl-cat1/drivers/source/cy_usbfs_dev_drv.o
[242/251] Building object file W:/MTB/Machine_Learning_Neural_Network_Profiler/build/Debug/libraries_shared/mtb-pdl-cat1/drivers/source/cy_wdt_b.o
[243/251] Building object file W:/MTB/Machine_Learning_Neural_Network_Profiler/build/Debug/libraries_shared/mtb-pdl-cat1/drivers/source/cy_usbfs_dev_drv_io.o
[244/251] Building object file W:/MTB/Machine_Learning_Neural_Network_Profiler/build/Debug/libraries_shared/mtb-pdl-cat1/drivers/third_party/ethernet/src/edd.o
[245/251] Building object file W:/MTB/Machine_Learning_Neural_Network_Profiler/build/Debug/libraries_shared/mtb-pdl-cat1/drivers/third_party/ethernet/src/edd_rx.o
[246/251] Building object file W:/MTB/Machine_Learning_Neural_Network_Profiler/build/Debug/libraries_shared/mtb-pdl-cat1/drivers/source/cy_usbfs_dev_drv_io_dma.o
[247/251] Building object file W:/MTB/Machine_Learning_Neural_Network_Profiler/build/Debug/libraries_shared/mtb-pdl-cat1/drivers/source/ppu_v1.o
[248/251] Building object file W:/MTB/Machine_Learning_Neural_Network_Profiler/build/Debug/libraries_shared/mtb-pdl-cat1/drivers/third_party/ethernet/src/edd_tx.o
[249/251] Building object file W:/MTB/Machine_Learning_Neural_Network_Profiler/build/Debug/libraries_shared/retarget-io/source/cy_retarget_io.o
[250/251] Building object file W:/MTB/Machine_Learning_Neural_Network_Profiler/build/Debug/libraries_shared/ml-middleware/source/COMPONENT_ML_TFLM_INTERPRETER/mtb_ml_model.o
[251/251] Linking, creating elf file build/APP_CY8CKIT-062-BLE/Debug/mtb-example-ml-profiler.elf
C:/Users/evilg/Infineon/Tools/mtb-gcc-arm-eabi/11.3.1/gcc/bin/arm-none-eabi-objcopy -O ihex W:/MTB/Machine_Learning_Neural_Network_Profiler/build/APP_CY8CKIT-062-BLE/Debug/mtb-example-ml-profiler.elf W:/MTB/Machine_Learning_Neural_Network_Profiler/build/APP_CY8CKIT-062-BLE/Debug/mtb-example-ml-profiler.hex
==============================================================================
= Build complete =
==============================================================================

Calculating memory consumption: CY8C6347BZI-BLD53 GCC_ARM


   ---------------------------------------------------- 
  | Section Name         |  Address      |  Size       | 
   ---------------------------------------------------- 
  | .cy_m0p_image        |  0x10000000   |  112144     | 
  | .text                |  0x10020000   |  365144     | 
  | .ARM.exidx           |  0x10079258   |  8          | 
  | .copy.table          |  0x10079260   |  24         | 
  | .zero.table          |  0x10079278   |  8          | 
  | .data                |  0x0800328c   |  17028      | 
  | .cy_sharedmem        |  0x08007510   |  12         | 
  | .noinit              |  0x08007520   |  236        | 
  | .bss                 |  0x0800760c   |  6540       | 
  | .heap                |  0x08008f98   |  252008     | 
   ---------------------------------------------------- 

  Total Internal Flash (Available)          1048576    
  Total Internal Flash (Utilized)           513296     

04:41:25 **** Incremental Build of configuration Debug for project Machine_Learning_Neural_Network_Profiler ****
"C:\\Users\\evilg\\ModusToolbox\\tools_3.5\\modus-shell\\bin\\make" CY_MAKE_IDE=eclipse CY_IDE_TOOLS_DIR=C:/Users/evilg/ModusToolbox/tools_3.5 CY_IDE_BT_TOOLS_DIR= -j12 build_proj 
Tools Directory: C:/Users/evilg/ModusToolbox/tools_3.5
Searching installed tools in progress...
Searching installed tools complete
INFO: Multiple tools versions were found in "/cygdrive/c/Users/evilg/ModusToolbox/tools_3.4 /cygdrive/c/Users/evilg/ModusToolbox/tools_3.5 C:/Users/evilg/ModusToolbox/tools_3.4 C:/Users/evilg/ModusToolbox/tools_3.5". This build is currently using "C:/Users/evilg/ModusToolbox/tools_3.5". Check that this is the correct version that should be used in this build. To stop seeing this message, set the CY_TOOLS_PATHS environment variable to the location of the tools directory. This can be done either as an environment variable or set in the application Makefile.
NOTE: Using 'C:/Users/evilg/ModusToolbox/tools_3.5/ninja/ninja.exe' from PATH.
Generating mtbninja data files...
Generating mtbninja data complete...
Toolchain validation: PASS
Initializing build: mtb-example-ml-profiler Debug APP_CY8CKIT-062-BLE GCC_ARM

Prebuild operations complete
# 0: Loading the application in directory 'W:/MTB/Machine_Learning_Neural_Network_Profiler'
# 0: Loading the ModusToolbox Technology Packs and Early Access Packs
# 0: Loading the tools information
[1/6] Building object file W:/MTB/Machine_Learning_Neural_Network_Profiler/build/Debug/local/mtb_ml_gen/mtb_ml_regression_data/TEST_MODEL_tflm_y_data_int8x8.o
FAILED: W:/MTB/Machine_Learning_Neural_Network_Profiler/build/Debug/local/mtb_ml_gen/mtb_ml_regression_data/TEST_MODEL_tflm_y_data_int8x8.o 
C:/Users/evilg/Infineon/Tools/mtb-gcc-arm-eabi/11.3.1/gcc/bin/arm-none-eabi-gcc.exe -c -mcpu=cortex-m4 --specs=nano.specs -Og -mfloat-abi=hard -mfpu=fpv4-sp-d16 -mthumb -ffunction-sections -fdata-sections -ffat-lto-objects -g -Wall -pipe -MMD -MP -MF W:/MTB/Machine_Learning_Neural_Network_Profiler/build/Debug/local/mtb_ml_gen/mtb_ml_regression_data/TEST_MODEL_tflm_y_data_int8x8.o.d -MT W:/MTB/Machine_Learning_Neural_Network_Profiler/build/Debug/local/mtb_ml_gen/mtb_ml_regression_data/TEST_MODEL_tflm_y_data_int8x8.o @W:/MTB/Machine_Learning_Neural_Network_Profiler/build/Debug/local/mtb_ml_gen/mtb_ml_regression_data/TEST_MODEL_tflm_y_data_int8x8.o.rsp -o W:/MTB/Machine_Learning_Neural_Network_Profiler/build/Debug/local/mtb_ml_gen/mtb_ml_regression_data/TEST_MODEL_tflm_y_data_int8x8.o -c W:/MTB/Machine_Learning_Neural_Network_Profiler/mtb_ml_gen/mtb_ml_regression_data/TEST_MODEL_tflm_y_data_int8x8.c
arm-none-eabi-gcc.exe: fatal error: could not write to temporary response file C:\Users\evilg\AppData\Local\Temp\ccOd1Fyg
compilation terminated.

[2/6] Building object file W:/MTB/Machine_Learning_Neural_Network_Profiler/build/Debug/local/mtb_ml_gen/mtb_ml_regression_data/TEST_MODEL_tflm_x_data_int8x8.o
FAILED: W:/MTB/Machine_Learning_Neural_Network_Profiler/build/Debug/local/mtb_ml_gen/mtb_ml_regression_data/TEST_MODEL_tflm_x_data_int8x8.o 
C:/Users/evilg/Infineon/Tools/mtb-gcc-arm-eabi/11.3.1/gcc/bin/arm-none-eabi-gcc.exe -c -mcpu=cortex-m4 --specs=nano.specs -Og -mfloat-abi=hard -mfpu=fpv4-sp-d16 -mthumb -ffunction-sections -fdata-sections -ffat-lto-objects -g -Wall -pipe -MMD -MP -MF W:/MTB/Machine_Learning_Neural_Network_Profiler/build/Debug/local/mtb_ml_gen/mtb_ml_regression_data/TEST_MODEL_tflm_x_data_int8x8.o.d -MT W:/MTB/Machine_Learning_Neural_Network_Profiler/build/Debug/local/mtb_ml_gen/mtb_ml_regression_data/TEST_MODEL_tflm_x_data_int8x8.o @W:/MTB/Machine_Learning_Neural_Network_Profiler/build/Debug/local/mtb_ml_gen/mtb_ml_regression_data/TEST_MODEL_tflm_x_data_int8x8.o.rsp -o W:/MTB/Machine_Learning_Neural_Network_Profiler/build/Debug/local/mtb_ml_gen/mtb_ml_regression_data/TEST_MODEL_tflm_x_data_int8x8.o -c W:/MTB/Machine_Learning_Neural_Network_Profiler/mtb_ml_gen/mtb_ml_regression_data/TEST_MODEL_tflm_x_data_int8x8.c
arm-none-eabi-gcc.exe: fatal error: could not write to temporary response file C:\Users\evilg\AppData\Local\Temp\ccG98JAg
compilation terminated.

[3/6] Building object file W:/MTB/Machine_Learning_Neural_Network_Profiler/build/Debug/local/source/ml_local_regression.o
FAILED: W:/MTB/Machine_Learning_Neural_Network_Profiler/build/Debug/local/source/ml_local_regression.o 
C:/Users/evilg/Infineon/Tools/mtb-gcc-arm-eabi/11.3.1/gcc/bin/arm-none-eabi-gcc.exe -c -mcpu=cortex-m4 --specs=nano.specs -Og -mfloat-abi=hard -mfpu=fpv4-sp-d16 -mthumb -ffunction-sections -fdata-sections -ffat-lto-objects -g -Wall -pipe -MMD -MP -MF W:/MTB/Machine_Learning_Neural_Network_Profiler/build/Debug/local/source/ml_local_regression.o.d -MT W:/MTB/Machine_Learning_Neural_Network_Profiler/build/Debug/local/source/ml_local_regression.o @W:/MTB/Machine_Learning_Neural_Network_Profiler/build/Debug/local/source/ml_local_regression.o.rsp -o W:/MTB/Machine_Learning_Neural_Network_Profiler/build/Debug/local/source/ml_local_regression.o -c W:/MTB/Machine_Learning_Neural_Network_Profiler/source/ml_local_regression.c
arm-none-eabi-gcc.exe: fatal error: could not write to temporary response file C:\Users\evilg\AppData\Local\Temp\cceD8NHj
compilation terminated.

[4/6] Building object file W:/MTB/Machine_Learning_Neural_Network_Profiler/build/Debug/local/mtb_ml_gen/mtb_ml_models/TEST_MODEL_tflm_model_int8x8.o
FAILED: W:/MTB/Machine_Learning_Neural_Network_Profiler/build/Debug/local/mtb_ml_gen/mtb_ml_models/TEST_MODEL_tflm_model_int8x8.o 
C:/Users/evilg/Infineon/Tools/mtb-gcc-arm-eabi/11.3.1/gcc/bin/arm-none-eabi-gcc.exe -c -mcpu=cortex-m4 --specs=nano.specs -Og -mfloat-abi=hard -mfpu=fpv4-sp-d16 -mthumb -ffunction-sections -fdata-sections -ffat-lto-objects -g -Wall -pipe -MMD -MP -MF W:/MTB/Machine_Learning_Neural_Network_Profiler/build/Debug/local/mtb_ml_gen/mtb_ml_models/TEST_MODEL_tflm_model_int8x8.o.d -MT W:/MTB/Machine_Learning_Neural_Network_Profiler/build/Debug/local/mtb_ml_gen/mtb_ml_models/TEST_MODEL_tflm_model_int8x8.o @W:/MTB/Machine_Learning_Neural_Network_Profiler/build/Debug/local/mtb_ml_gen/mtb_ml_models/TEST_MODEL_tflm_model_int8x8.o.rsp -o W:/MTB/Machine_Learning_Neural_Network_Profiler/build/Debug/local/mtb_ml_gen/mtb_ml_models/TEST_MODEL_tflm_model_int8x8.o -c W:/MTB/Machine_Learning_Neural_Network_Profiler/mtb_ml_gen/mtb_ml_models/TEST_MODEL_tflm_model_int8x8.c
arm-none-eabi-gcc.exe: fatal error: could not write to temporary response file C:\Users\evilg\AppData\Local\Temp\cc0JaKAg
compilation terminated.

[5/6] Building object file W:/MTB/Machine_Learning_Neural_Network_Profiler/build/Debug/local/source/main.o
FAILED: W:/MTB/Machine_Learning_Neural_Network_Profiler/build/Debug/local/source/main.o 
C:/Users/evilg/Infineon/Tools/mtb-gcc-arm-eabi/11.3.1/gcc/bin/arm-none-eabi-gcc.exe -c -mcpu=cortex-m4 --specs=nano.specs -Og -mfloat-abi=hard -mfpu=fpv4-sp-d16 -mthumb -ffunction-sections -fdata-sections -ffat-lto-objects -g -Wall -pipe -MMD -MP -MF W:/MTB/Machine_Learning_Neural_Network_Profiler/build/Debug/local/source/main.o.d -MT W:/MTB/Machine_Learning_Neural_Network_Profiler/build/Debug/local/source/main.o @W:/MTB/Machine_Learning_Neural_Network_Profiler/build/Debug/local/source/main.o.rsp -o W:/MTB/Machine_Learning_Neural_Network_Profiler/build/Debug/local/source/main.o -c W:/MTB/Machine_Learning_Neural_Network_Profiler/source/main.c
arm-none-eabi-gcc.exe: fatal error: could not write to temporary response file C:\Users\evilg\AppData\Local\Temp\ccgiynEk
compilation terminated.

ninja: build stopped: subcommand failed.
make: *** [../mtb_shared/core-make/release-v3.6.1/make/core/ninja.mk:232: W:/MTB/Machine_Learning_Neural_Network_Profiler/build/APP_CY8CKIT-062-BLE/Debug/mtb-example-ml-profiler.elf] Error 1
"C:/Users/evilg/ModusToolbox/tools_3.5/modus-shell/bin/make CY_MAKE_IDE=eclipse CY_IDE_TOOLS_DIR=C:/Users/evilg/ModusToolbox/tools_3.5 CY_IDE_BT_TOOLS_DIR= -j12 build_proj" terminated with exit code 2. Build might be incomplete.
04:43:26 **** Incremental Build of configuration Debug for project Machine_Learning_Neural_Network_Profiler ****
"C:\\Users\\evilg\\ModusToolbox\\tools_3.5\\modus-shell\\bin\\make" CY_MAKE_IDE=eclipse CY_IDE_TOOLS_DIR=C:/Users/evilg/ModusToolbox/tools_3.5 CY_IDE_BT_TOOLS_DIR= -j12 build_proj 
Tools Directory: C:/Users/evilg/ModusToolbox/tools_3.5
Searching installed tools in progress...
Searching installed tools complete
INFO: Multiple tools versions were found in "/cygdrive/c/Users/evilg/ModusToolbox/tools_3.4 /cygdrive/c/Users/evilg/ModusToolbox/tools_3.5 C:/Users/evilg/ModusToolbox/tools_3.4 C:/Users/evilg/ModusToolbox/tools_3.5". This build is currently using "C:/Users/evilg/ModusToolbox/tools_3.5". Check that this is the correct version that should be used in this build. To stop seeing this message, set the CY_TOOLS_PATHS environment variable to the location of the tools directory. This can be done either as an environment variable or set in the application Makefile.
NOTE: Using 'C:/Users/evilg/ModusToolbox/tools_3.5/ninja/ninja.exe' from PATH.
Generating mtbninja data files...
Generating mtbninja data complete...
Toolchain validation: PASS
Initializing build: mtb-example-ml-profiler Debug APP_CY8CKIT-062-BLE GCC_ARM

Prebuild operations complete
# 0: Loading the application in directory 'W:/MTB/Machine_Learning_Neural_Network_Profiler'
# 0: Loading the ModusToolbox Technology Packs and Early Access Packs
# 0: Loading the tools information
[1/6] Building object file W:/MTB/Machine_Learning_Neural_Network_Profiler/build/Debug/local/mtb_ml_gen/mtb_ml_models/TEST_MODEL_tflm_model_int8x8.o
FAILED: W:/MTB/Machine_Learning_Neural_Network_Profiler/build/Debug/local/mtb_ml_gen/mtb_ml_models/TEST_MODEL_tflm_model_int8x8.o 
C:/Users/evilg/Infineon/Tools/mtb-gcc-arm-eabi/11.3.1/gcc/bin/arm-none-eabi-gcc.exe -c -mcpu=cortex-m4 --specs=nano.specs -Og -mfloat-abi=hard -mfpu=fpv4-sp-d16 -mthumb -ffunction-sections -fdata-sections -ffat-lto-objects -g -Wall -pipe -MMD -MP -MF W:/MTB/Machine_Learning_Neural_Network_Profiler/build/Debug/local/mtb_ml_gen/mtb_ml_models/TEST_MODEL_tflm_model_int8x8.o.d -MT W:/MTB/Machine_Learning_Neural_Network_Profiler/build/Debug/local/mtb_ml_gen/mtb_ml_models/TEST_MODEL_tflm_model_int8x8.o @W:/MTB/Machine_Learning_Neural_Network_Profiler/build/Debug/local/mtb_ml_gen/mtb_ml_models/TEST_MODEL_tflm_model_int8x8.o.rsp -o W:/MTB/Machine_Learning_Neural_Network_Profiler/build/Debug/local/mtb_ml_gen/mtb_ml_models/TEST_MODEL_tflm_model_int8x8.o -c W:/MTB/Machine_Learning_Neural_Network_Profiler/mtb_ml_gen/mtb_ml_models/TEST_MODEL_tflm_model_int8x8.c
arm-none-eabi-gcc.exe: fatal error: could not write to temporary response file C:\Users\evilg\AppData\Local\Temp\ccGEGfaB
compilation terminated.

[2/6] Building object file W:/MTB/Machine_Learning_Neural_Network_Profiler/build/Debug/local/mtb_ml_gen/mtb_ml_regression_data/TEST_MODEL_tflm_x_data_int8x8.o
FAILED: W:/MTB/Machine_Learning_Neural_Network_Profiler/build/Debug/local/mtb_ml_gen/mtb_ml_regression_data/TEST_MODEL_tflm_x_data_int8x8.o 
C:/Users/evilg/Infineon/Tools/mtb-gcc-arm-eabi/11.3.1/gcc/bin/arm-none-eabi-gcc.exe -c -mcpu=cortex-m4 --specs=nano.specs -Og -mfloat-abi=hard -mfpu=fpv4-sp-d16 -mthumb -ffunction-sections -fdata-sections -ffat-lto-objects -g -Wall -pipe -MMD -MP -MF W:/MTB/Machine_Learning_Neural_Network_Profiler/build/Debug/local/mtb_ml_gen/mtb_ml_regression_data/TEST_MODEL_tflm_x_data_int8x8.o.d -MT W:/MTB/Machine_Learning_Neural_Network_Profiler/build/Debug/local/mtb_ml_gen/mtb_ml_regression_data/TEST_MODEL_tflm_x_data_int8x8.o @W:/MTB/Machine_Learning_Neural_Network_Profiler/build/Debug/local/mtb_ml_gen/mtb_ml_regression_data/TEST_MODEL_tflm_x_data_int8x8.o.rsp -o W:/MTB/Machine_Learning_Neural_Network_Profiler/build/Debug/local/mtb_ml_gen/mtb_ml_regression_data/TEST_MODEL_tflm_x_data_int8x8.o -c W:/MTB/Machine_Learning_Neural_Network_Profiler/mtb_ml_gen/mtb_ml_regression_data/TEST_MODEL_tflm_x_data_int8x8.c
arm-none-eabi-gcc.exe: fatal error: could not write to temporary response file C:\Users\evilg\AppData\Local\Temp\cccdYUZz
compilation terminated.

[3/6] Building object file W:/MTB/Machine_Learning_Neural_Network_Profiler/build/Debug/local/mtb_ml_gen/mtb_ml_regression_data/TEST_MODEL_tflm_y_data_int8x8.o
FAILED: W:/MTB/Machine_Learning_Neural_Network_Profiler/build/Debug/local/mtb_ml_gen/mtb_ml_regression_data/TEST_MODEL_tflm_y_data_int8x8.o 
C:/Users/evilg/Infineon/Tools/mtb-gcc-arm-eabi/11.3.1/gcc/bin/arm-none-eabi-gcc.exe -c -mcpu=cortex-m4 --specs=nano.specs -Og -mfloat-abi=hard -mfpu=fpv4-sp-d16 -mthumb -ffunction-sections -fdata-sections -ffat-lto-objects -g -Wall -pipe -MMD -MP -MF W:/MTB/Machine_Learning_Neural_Network_Profiler/build/Debug/local/mtb_ml_gen/mtb_ml_regression_data/TEST_MODEL_tflm_y_data_int8x8.o.d -MT W:/MTB/Machine_Learning_Neural_Network_Profiler/build/Debug/local/mtb_ml_gen/mtb_ml_regression_data/TEST_MODEL_tflm_y_data_int8x8.o @W:/MTB/Machine_Learning_Neural_Network_Profiler/build/Debug/local/mtb_ml_gen/mtb_ml_regression_data/TEST_MODEL_tflm_y_data_int8x8.o.rsp -o W:/MTB/Machine_Learning_Neural_Network_Profiler/build/Debug/local/mtb_ml_gen/mtb_ml_regression_data/TEST_MODEL_tflm_y_data_int8x8.o -c W:/MTB/Machine_Learning_Neural_Network_Profiler/mtb_ml_gen/mtb_ml_regression_data/TEST_MODEL_tflm_y_data_int8x8.c
arm-none-eabi-gcc.exe: fatal error: could not write to temporary response file C:\Users\evilg\AppData\Local\Temp\ccwdnDrA
compilation terminated.

[4/6] Building object file W:/MTB/Machine_Learning_Neural_Network_Profiler/build/Debug/local/source/main.o
FAILED: W:/MTB/Machine_Learning_Neural_Network_Profiler/build/Debug/local/source/main.o 
C:/Users/evilg/Infineon/Tools/mtb-gcc-arm-eabi/11.3.1/gcc/bin/arm-none-eabi-gcc.exe -c -mcpu=cortex-m4 --specs=nano.specs -Og -mfloat-abi=hard -mfpu=fpv4-sp-d16 -mthumb -ffunction-sections -fdata-sections -ffat-lto-objects -g -Wall -pipe -MMD -MP -MF W:/MTB/Machine_Learning_Neural_Network_Profiler/build/Debug/local/source/main.o.d -MT W:/MTB/Machine_Learning_Neural_Network_Profiler/build/Debug/local/source/main.o @W:/MTB/Machine_Learning_Neural_Network_Profiler/build/Debug/local/source/main.o.rsp -o W:/MTB/Machine_Learning_Neural_Network_Profiler/build/Debug/local/source/main.o -c W:/MTB/Machine_Learning_Neural_Network_Profiler/source/main.c
arm-none-eabi-gcc.exe: fatal error: could not write to temporary response file C:\Users\evilg\AppData\Local\Temp\ccaEKdgE
compilation terminated.

[5/6] Building object file W:/MTB/Machine_Learning_Neural_Network_Profiler/build/Debug/local/source/ml_local_regression.o
FAILED: W:/MTB/Machine_Learning_Neural_Network_Profiler/build/Debug/local/source/ml_local_regression.o 
C:/Users/evilg/Infineon/Tools/mtb-gcc-arm-eabi/11.3.1/gcc/bin/arm-none-eabi-gcc.exe -c -mcpu=cortex-m4 --specs=nano.specs -Og -mfloat-abi=hard -mfpu=fpv4-sp-d16 -mthumb -ffunction-sections -fdata-sections -ffat-lto-objects -g -Wall -pipe -MMD -MP -MF W:/MTB/Machine_Learning_Neural_Network_Profiler/build/Debug/local/source/ml_local_regression.o.d -MT W:/MTB/Machine_Learning_Neural_Network_Profiler/build/Debug/local/source/ml_local_regression.o @W:/MTB/Machine_Learning_Neural_Network_Profiler/build/Debug/local/source/ml_local_regression.o.rsp -o W:/MTB/Machine_Learning_Neural_Network_Profiler/build/Debug/local/source/ml_local_regression.o -c W:/MTB/Machine_Learning_Neural_Network_Profiler/source/ml_local_regression.c
arm-none-eabi-gcc.exe: fatal error: could not write to temporary response file C:\Users\evilg\AppData\Local\Temp\ccwPbXxE
compilation terminated.

ninja: build stopped: subcommand failed.
make: *** [../mtb_shared/core-make/release-v3.6.1/make/core/ninja.mk:232: W:/MTB/Machine_Learning_Neural_Network_Profiler/build/APP_CY8CKIT-062-BLE/Debug/mtb-example-ml-profiler.elf] Error 1
"C:/Users/evilg/ModusToolbox/tools_3.5/modus-shell/bin/make CY_MAKE_IDE=eclipse CY_IDE_TOOLS_DIR=C:/Users/evilg/ModusToolbox/tools_3.5 CY_IDE_BT_TOOLS_DIR= -j12 build_proj" terminated with exit code 2. Build might be incomplete.
04:43:55 **** Incremental Build of configuration Debug for project Machine_Learning_Neural_Network_Profiler ****
"C:\\Users\\evilg\\ModusToolbox\\tools_3.5\\modus-shell\\bin\\make" CY_MAKE_IDE=eclipse CY_IDE_TOOLS_DIR=C:/Users/evilg/ModusToolbox/tools_3.5 CY_IDE_BT_TOOLS_DIR= -j12 build_proj 
Tools Directory: C:/Users/evilg/ModusToolbox/tools_3.5
Searching installed tools in progress...
Searching installed tools complete
INFO: Multiple tools versions were found in "/cygdrive/c/Users/evilg/ModusToolbox/tools_3.4 /cygdrive/c/Users/evilg/ModusToolbox/tools_3.5 C:/Users/evilg/ModusToolbox/tools_3.4 C:/Users/evilg/ModusToolbox/tools_3.5". This build is currently using "C:/Users/evilg/ModusToolbox/tools_3.5". Check that this is the correct version that should be used in this build. To stop seeing this message, set the CY_TOOLS_PATHS environment variable to the location of the tools directory. This can be done either as an environment variable or set in the application Makefile.
NOTE: Using 'C:/Users/evilg/ModusToolbox/tools_3.5/ninja/ninja.exe' from PATH.
Generating mtbninja data files...
Generating mtbninja data complete...
Toolchain validation: PASS
Initializing build: mtb-example-ml-profiler Debug APP_CY8CKIT-062-BLE GCC_ARM

Prebuild operations complete
# 0: Loading the application in directory 'W:/MTB/Machine_Learning_Neural_Network_Profiler'
# 0: Loading the ModusToolbox Technology Packs and Early Access Packs
# 0: Loading the tools information
[1/6] Building object file W:/MTB/Machine_Learning_Neural_Network_Profiler/build/Debug/local/mtb_ml_gen/mtb_ml_models/TEST_MODEL_tflm_model_int8x8.o
FAILED: W:/MTB/Machine_Learning_Neural_Network_Profiler/build/Debug/local/mtb_ml_gen/mtb_ml_models/TEST_MODEL_tflm_model_int8x8.o 
C:/Users/evilg/Infineon/Tools/mtb-gcc-arm-eabi/11.3.1/gcc/bin/arm-none-eabi-gcc.exe -c -mcpu=cortex-m4 --specs=nano.specs -Og -mfloat-abi=hard -mfpu=fpv4-sp-d16 -mthumb -ffunction-sections -fdata-sections -ffat-lto-objects -g -Wall -pipe -MMD -MP -MF W:/MTB/Machine_Learning_Neural_Network_Profiler/build/Debug/local/mtb_ml_gen/mtb_ml_models/TEST_MODEL_tflm_model_int8x8.o.d -MT W:/MTB/Machine_Learning_Neural_Network_Profiler/build/Debug/local/mtb_ml_gen/mtb_ml_models/TEST_MODEL_tflm_model_int8x8.o @W:/MTB/Machine_Learning_Neural_Network_Profiler/build/Debug/local/mtb_ml_gen/mtb_ml_models/TEST_MODEL_tflm_model_int8x8.o.rsp -o W:/MTB/Machine_Learning_Neural_Network_Profiler/build/Debug/local/mtb_ml_gen/mtb_ml_models/TEST_MODEL_tflm_model_int8x8.o -c W:/MTB/Machine_Learning_Neural_Network_Profiler/mtb_ml_gen/mtb_ml_models/TEST_MODEL_tflm_model_int8x8.c
arm-none-eabi-gcc.exe: fatal error: could not write to temporary response file C:\Users\evilg\AppData\Local\Temp\ccsdkWPV
compilation terminated.

[2/6] Building object file W:/MTB/Machine_Learning_Neural_Network_Profiler/build/Debug/local/mtb_ml_gen/mtb_ml_regression_data/TEST_MODEL_tflm_x_data_int8x8.o
FAILED: W:/MTB/Machine_Learning_Neural_Network_Profiler/build/Debug/local/mtb_ml_gen/mtb_ml_regression_data/TEST_MODEL_tflm_x_data_int8x8.o 
C:/Users/evilg/Infineon/Tools/mtb-gcc-arm-eabi/11.3.1/gcc/bin/arm-none-eabi-gcc.exe -c -mcpu=cortex-m4 --specs=nano.specs -Og -mfloat-abi=hard -mfpu=fpv4-sp-d16 -mthumb -ffunction-sections -fdata-sections -ffat-lto-objects -g -Wall -pipe -MMD -MP -MF W:/MTB/Machine_Learning_Neural_Network_Profiler/build/Debug/local/mtb_ml_gen/mtb_ml_regression_data/TEST_MODEL_tflm_x_data_int8x8.o.d -MT W:/MTB/Machine_Learning_Neural_Network_Profiler/build/Debug/local/mtb_ml_gen/mtb_ml_regression_data/TEST_MODEL_tflm_x_data_int8x8.o @W:/MTB/Machine_Learning_Neural_Network_Profiler/build/Debug/local/mtb_ml_gen/mtb_ml_regression_data/TEST_MODEL_tflm_x_data_int8x8.o.rsp -o W:/MTB/Machine_Learning_Neural_Network_Profiler/build/Debug/local/mtb_ml_gen/mtb_ml_regression_data/TEST_MODEL_tflm_x_data_int8x8.o -c W:/MTB/Machine_Learning_Neural_Network_Profiler/mtb_ml_gen/mtb_ml_regression_data/TEST_MODEL_tflm_x_data_int8x8.c
arm-none-eabi-gcc.exe: fatal error: could not write to temporary response file C:\Users\evilg\AppData\Local\Temp\ccKcVA6V
compilation terminated.

[3/6] Building object file W:/MTB/Machine_Learning_Neural_Network_Profiler/build/Debug/local/mtb_ml_gen/mtb_ml_regression_data/TEST_MODEL_tflm_y_data_int8x8.o
FAILED: W:/MTB/Machine_Learning_Neural_Network_Profiler/build/Debug/local/mtb_ml_gen/mtb_ml_regression_data/TEST_MODEL_tflm_y_data_int8x8.o 
C:/Users/evilg/Infineon/Tools/mtb-gcc-arm-eabi/11.3.1/gcc/bin/arm-none-eabi-gcc.exe -c -mcpu=cortex-m4 --specs=nano.specs -Og -mfloat-abi=hard -mfpu=fpv4-sp-d16 -mthumb -ffunction-sections -fdata-sections -ffat-lto-objects -g -Wall -pipe -MMD -MP -MF W:/MTB/Machine_Learning_Neural_Network_Profiler/build/Debug/local/mtb_ml_gen/mtb_ml_regression_data/TEST_MODEL_tflm_y_data_int8x8.o.d -MT W:/MTB/Machine_Learning_Neural_Network_Profiler/build/Debug/local/mtb_ml_gen/mtb_ml_regression_data/TEST_MODEL_tflm_y_data_int8x8.o @W:/MTB/Machine_Learning_Neural_Network_Profiler/build/Debug/local/mtb_ml_gen/mtb_ml_regression_data/TEST_MODEL_tflm_y_data_int8x8.o.rsp -o W:/MTB/Machine_Learning_Neural_Network_Profiler/build/Debug/local/mtb_ml_gen/mtb_ml_regression_data/TEST_MODEL_tflm_y_data_int8x8.o -c W:/MTB/Machine_Learning_Neural_Network_Profiler/mtb_ml_gen/mtb_ml_regression_data/TEST_MODEL_tflm_y_data_int8x8.c
arm-none-eabi-gcc.exe: fatal error: could not write to temporary response file C:\Users\evilg\AppData\Local\Temp\ccqS862V
compilation terminated.

[4/6] Building object file W:/MTB/Machine_Learning_Neural_Network_Profiler/build/Debug/local/source/main.o
FAILED: W:/MTB/Machine_Learning_Neural_Network_Profiler/build/Debug/local/source/main.o 
C:/Users/evilg/Infineon/Tools/mtb-gcc-arm-eabi/11.3.1/gcc/bin/arm-none-eabi-gcc.exe -c -mcpu=cortex-m4 --specs=nano.specs -Og -mfloat-abi=hard -mfpu=fpv4-sp-d16 -mthumb -ffunction-sections -fdata-sections -ffat-lto-objects -g -Wall -pipe -MMD -MP -MF W:/MTB/Machine_Learning_Neural_Network_Profiler/build/Debug/local/source/main.o.d -MT W:/MTB/Machine_Learning_Neural_Network_Profiler/build/Debug/local/source/main.o @W:/MTB/Machine_Learning_Neural_Network_Profiler/build/Debug/local/source/main.o.rsp -o W:/MTB/Machine_Learning_Neural_Network_Profiler/build/Debug/local/source/main.o -c W:/MTB/Machine_Learning_Neural_Network_Profiler/source/main.c
arm-none-eabi-gcc.exe: fatal error: could not write to temporary response file C:\Users\evilg\AppData\Local\Temp\cccTnWwV
compilation terminated.

[5/6] Building object file W:/MTB/Machine_Learning_Neural_Network_Profiler/build/Debug/local/source/ml_local_regression.o
FAILED: W:/MTB/Machine_Learning_Neural_Network_Profiler/build/Debug/local/source/ml_local_regression.o 
C:/Users/evilg/Infineon/Tools/mtb-gcc-arm-eabi/11.3.1/gcc/bin/arm-none-eabi-gcc.exe -c -mcpu=cortex-m4 --specs=nano.specs -Og -mfloat-abi=hard -mfpu=fpv4-sp-d16 -mthumb -ffunction-sections -fdata-sections -ffat-lto-objects -g -Wall -pipe -MMD -MP -MF W:/MTB/Machine_Learning_Neural_Network_Profiler/build/Debug/local/source/ml_local_regression.o.d -MT W:/MTB/Machine_Learning_Neural_Network_Profiler/build/Debug/local/source/ml_local_regression.o @W:/MTB/Machine_Learning_Neural_Network_Profiler/build/Debug/local/source/ml_local_regression.o.rsp -o W:/MTB/Machine_Learning_Neural_Network_Profiler/build/Debug/local/source/ml_local_regression.o -c W:/MTB/Machine_Learning_Neural_Network_Profiler/source/ml_local_regression.c
arm-none-eabi-gcc.exe: fatal error: could not write to temporary response file C:\Users\evilg\AppData\Local\Temp\ccAnebqV
compilation terminated.

ninja: build stopped: subcommand failed.
make: *** [../mtb_shared/core-make/release-v3.6.1/make/core/ninja.mk:232: W:/MTB/Machine_Learning_Neural_Network_Profiler/build/APP_CY8CKIT-062-BLE/Debug/mtb-example-ml-profiler.elf] Error 1
"C:/Users/evilg/ModusToolbox/tools_3.5/modus-shell/bin/make CY_MAKE_IDE=eclipse CY_IDE_TOOLS_DIR=C:/Users/evilg/ModusToolbox/tools_3.5 CY_IDE_BT_TOOLS_DIR= -j12 build_proj" terminated with exit code 2. Build might be incomplete.
04:46:41 **** Incremental Build of configuration Debug for project Machine_Learning_Neural_Network_Profiler ****
"C:\\Users\\evilg\\ModusToolbox\\tools_3.5\\modus-shell\\bin\\make" CY_MAKE_IDE=eclipse CY_IDE_TOOLS_DIR=C:/Users/evilg/ModusToolbox/tools_3.5 CY_IDE_BT_TOOLS_DIR= -j12 build_proj 
Tools Directory: C:/Users/evilg/ModusToolbox/tools_3.5
Searching installed tools in progress...
Searching installed tools complete
INFO: Multiple tools versions were found in "/cygdrive/c/Users/evilg/ModusToolbox/tools_3.4 /cygdrive/c/Users/evilg/ModusToolbox/tools_3.5 C:/Users/evilg/ModusToolbox/tools_3.4 C:/Users/evilg/ModusToolbox/tools_3.5". This build is currently using "C:/Users/evilg/ModusToolbox/tools_3.5". Check that this is the correct version that should be used in this build. To stop seeing this message, set the CY_TOOLS_PATHS environment variable to the location of the tools directory. This can be done either as an environment variable or set in the application Makefile.
NOTE: Using 'C:/Users/evilg/ModusToolbox/tools_3.5/ninja/ninja.exe' from PATH.
Generating mtbninja data files...
Generating mtbninja data complete...
Toolchain validation: PASS
Initializing build: mtb-example-ml-profiler Debug APP_CY8CKIT-062-BLE GCC_ARM

Prebuild operations complete
# 0: Loading the application in directory 'W:/MTB/Machine_Learning_Neural_Network_Profiler'
# 0: Loading the ModusToolbox Technology Packs and Early Access Packs
# 0: Loading the tools information
[1/6] Building object file W:/MTB/Machine_Learning_Neural_Network_Profiler/build/Debug/local/mtb_ml_gen/mtb_ml_regression_data/TEST_MODEL_tflm_y_data_int8x8.o
[2/6] Building object file W:/MTB/Machine_Learning_Neural_Network_Profiler/build/Debug/local/mtb_ml_gen/mtb_ml_models/TEST_MODEL_tflm_model_int8x8.o
[3/6] Building object file W:/MTB/Machine_Learning_Neural_Network_Profiler/build/Debug/local/mtb_ml_gen/mtb_ml_regression_data/TEST_MODEL_tflm_x_data_int8x8.o
[4/6] Building object file W:/MTB/Machine_Learning_Neural_Network_Profiler/build/Debug/local/source/main.o
[5/6] Building object file W:/MTB/Machine_Learning_Neural_Network_Profiler/build/Debug/local/source/ml_local_regression.o
[6/6] Linking, creating elf file build/APP_CY8CKIT-062-BLE/Debug/mtb-example-ml-profiler.elf
C:/Users/evilg/Infineon/Tools/mtb-gcc-arm-eabi/11.3.1/gcc/bin/arm-none-eabi-objcopy -O ihex W:/MTB/Machine_Learning_Neural_Network_Profiler/build/APP_CY8CKIT-062-BLE/Debug/mtb-example-ml-profiler.elf W:/MTB/Machine_Learning_Neural_Network_Profiler/build/APP_CY8CKIT-062-BLE/Debug/mtb-example-ml-profiler.hex
==============================================================================
= Build complete =
==============================================================================

Calculating memory consumption: CY8C6347BZI-BLD53 GCC_ARM


   ---------------------------------------------------- 
  | Section Name         |  Address      |  Size       | 
   ---------------------------------------------------- 
  | .cy_m0p_image        |  0x10000000   |  112144     | 
  | .text                |  0x10020000   |  365144     | 
  | .ARM.exidx           |  0x10079258   |  8          | 
  | .copy.table          |  0x10079260   |  24         | 
  | .zero.table          |  0x10079278   |  8          | 
  | .data                |  0x0800328c   |  17028      | 
  | .cy_sharedmem        |  0x08007510   |  12         | 
  | .noinit              |  0x08007520   |  236        | 
  | .bss                 |  0x0800760c   |  6540       | 
  | .heap                |  0x08008f98   |  252008     | 
   ---------------------------------------------------- 

  Total Internal Flash (Available)          1048576    
  Total Internal Flash (Utilized)           513296     

